  Triangle.cpp
C:\Users\nonwi\source\repos\botgammonOpenGL\botgammonOpenGL\Triangle.cpp(7,21): warning C4244: '=': conversion from 'double' to 'float', possible loss of data
C:\Users\nonwi\source\repos\botgammonOpenGL\botgammonOpenGL\Triangle.cpp(8,21): warning C4244: '=': conversion from 'double' to 'float', possible loss of data
C:\Users\nonwi\source\repos\botgammonOpenGL\botgammonOpenGL\Triangle.cpp(9,21): warning C4244: '=': conversion from 'double' to 'float', possible loss of data
C:\Users\nonwi\source\repos\botgammonOpenGL\botgammonOpenGL\Triangle.cpp(10,21): warning C4244: '=': conversion from 'double' to 'float', possible loss of data
C:\Users\nonwi\source\repos\botgammonOpenGL\botgammonOpenGL\Triangle.cpp(11,21): warning C4244: '=': conversion from 'double' to 'float', possible loss of data
C:\Users\nonwi\source\repos\botgammonOpenGL\botgammonOpenGL\Triangle.cpp(12,21): warning C4244: '=': conversion from 'double' to 'float', possible loss of data
C:\Users\nonwi\source\repos\botgammonOpenGL\botgammonOpenGL\Triangle.cpp(13,51): warning C4244: 'argument': conversion from 'float' to 'int', possible loss of data
C:\Users\nonwi\source\repos\botgammonOpenGL\botgammonOpenGL\Triangle.cpp(13,45): warning C4244: 'argument': conversion from 'float' to 'int', possible loss of data
C:\Users\nonwi\source\repos\botgammonOpenGL\botgammonOpenGL\Triangle.cpp(13,39): warning C4244: 'argument': conversion from 'float' to 'int', possible loss of data
C:\Users\nonwi\source\repos\botgammonOpenGL\botgammonOpenGL\Triangle.cpp(13,33): warning C4244: 'argument': conversion from 'float' to 'int', possible loss of data
C:\Users\nonwi\source\repos\botgammonOpenGL\botgammonOpenGL\Triangle.cpp(15,51): warning C4244: 'argument': conversion from 'float' to 'int', possible loss of data
C:\Users\nonwi\source\repos\botgammonOpenGL\botgammonOpenGL\Triangle.cpp(15,45): warning C4244: 'argument': conversion from 'float' to 'int', possible loss of data
C:\Users\nonwi\source\repos\botgammonOpenGL\botgammonOpenGL\Triangle.cpp(15,39): warning C4244: 'argument': conversion from 'float' to 'int', possible loss of data
C:\Users\nonwi\source\repos\botgammonOpenGL\botgammonOpenGL\Triangle.cpp(15,33): warning C4244: 'argument': conversion from 'float' to 'int', possible loss of data
C:\Users\nonwi\source\repos\botgammonOpenGL\botgammonOpenGL\Triangle.cpp(17,51): warning C4244: 'argument': conversion from 'float' to 'int', possible loss of data
C:\Users\nonwi\source\repos\botgammonOpenGL\botgammonOpenGL\Triangle.cpp(17,45): warning C4244: 'argument': conversion from 'float' to 'int', possible loss of data
C:\Users\nonwi\source\repos\botgammonOpenGL\botgammonOpenGL\Triangle.cpp(17,39): warning C4244: 'argument': conversion from 'float' to 'int', possible loss of data
C:\Users\nonwi\source\repos\botgammonOpenGL\botgammonOpenGL\Triangle.cpp(17,33): warning C4244: 'argument': conversion from 'float' to 'int', possible loss of data
C:\Users\nonwi\source\repos\botgammonOpenGL\botgammonOpenGL\Triangle.cpp(34,90): warning C4244: '=': conversion from 'double' to 'GLfloat', possible loss of data
C:\Users\nonwi\source\repos\botgammonOpenGL\botgammonOpenGL\Triangle.cpp(35,21): warning C4244: '=': conversion from 'double' to 'GLfloat', possible loss of data
C:\Users\nonwi\source\repos\botgammonOpenGL\botgammonOpenGL\Triangle.cpp(36,92): warning C4244: '=': conversion from 'double' to 'GLfloat', possible loss of data
C:\Users\nonwi\source\repos\botgammonOpenGL\botgammonOpenGL\Triangle.cpp(37,21): warning C4244: '=': conversion from 'double' to 'GLfloat', possible loss of data
C:\Users\nonwi\source\repos\botgammonOpenGL\botgammonOpenGL\Triangle.cpp(38,92): warning C4244: '=': conversion from 'double' to 'GLfloat', possible loss of data
C:\Users\nonwi\source\repos\botgammonOpenGL\botgammonOpenGL\Triangle.cpp(39,21): warning C4244: '=': conversion from 'double' to 'GLfloat', possible loss of data
C:\Users\nonwi\source\repos\botgammonOpenGL\botgammonOpenGL\Triangle.cpp(33,24): warning C4101: 'v3': unreferenced local variable
C:\Users\nonwi\source\repos\botgammonOpenGL\botgammonOpenGL\Triangle.cpp(33,20): warning C4101: 'v2': unreferenced local variable
C:\Users\nonwi\source\repos\botgammonOpenGL\botgammonOpenGL\Triangle.cpp(33,16): warning C4101: 'v1': unreferenced local variable
  botgammonOpenGL.vcxproj -> C:\Users\nonwi\source\repos\botgammonOpenGL\x64\Debug\botgammonOpenGL.exe
